  Building Custom Rule D:/Magnum 2.0/magnum-bootstrap-base/magnum/src/Magnum/Primitives/CMakeLists.txt
  Axis.cpp
  Capsule.cpp
  Circle.cpp
  Crosshair.cpp
  Cone.cpp
  Cube.cpp
  Cylinder.cpp
  Gradient.cpp
  Grid.cpp
  Icosphere.cpp
D:\Magnum 2.0\magnum-bootstrap-base\magnum\src\Magnum\Primitives\Icosphere.cpp(87,88): warning C4334: '<<': result of 32-bit shift implicitly converted to 64 bits (was 64-bit shift intended?)
D:\Magnum 2.0\magnum-bootstrap-base\magnum\src\Magnum\Primitives\Icosphere.cpp(110,100): warning C4334: '<<': result of 32-bit shift implicitly converted to 64 bits (was 64-bit shift intended?)
  Line.cpp
  Plane.cpp
  Square.cpp
  UVSphere.cpp
  Spheroid.cpp
  WireframeSpheroid.cpp
  Generating Code...
  MagnumPrimitives.vcxproj -> D:\Magnum 2.0\magnum-bootstrap-base\build\Debug\lib\MagnumPrimitives-d.lib
